\BOOKMARK [1][-]{section.1}{Introduction}{}% 1
\BOOKMARK [1][-]{section.2}{Setup}{}% 2
\BOOKMARK [2][-]{subsection.2.1}{Requirements}{section.2}% 3
\BOOKMARK [2][-]{subsection.2.2}{Configuration of Apache Tomcat}{section.2}% 4
\BOOKMARK [2][-]{subsection.2.3}{Configuration of MySQL}{section.2}% 5
\BOOKMARK [2][-]{subsection.2.4}{Basic setup}{section.2}% 6
\BOOKMARK [2][-]{subsection.2.5}{Advanced setup}{section.2}% 7
\BOOKMARK [3][-]{subsubsection.2.5.1}{Download of source code}{subsection.2.5}% 8
\BOOKMARK [3][-]{subsubsection.2.5.2}{Configuration of source code}{subsection.2.5}% 9
\BOOKMARK [3][-]{subsubsection.2.5.3}{Configuration of the database}{subsection.2.5}% 10
\BOOKMARK [3][-]{subsubsection.2.5.4}{Building the source code}{subsection.2.5}% 11
\BOOKMARK [4][-]{paragraph.2.5.4.1}{Making code changes}{subsubsection.2.5.4}% 12
\BOOKMARK [2][-]{subsection.2.6}{Germinate Gatekeeper Admin}{section.2}% 13
\BOOKMARK [2][-]{subsection.2.7}{Logging}{section.2}% 14
\BOOKMARK [2][-]{subsection.2.8}{Docker}{section.2}% 15
\BOOKMARK [1][-]{section.3}{Configuration}{}% 16
\BOOKMARK [2][-]{subsection.3.1}{Germinate Menu}{section.3}% 17
\BOOKMARK [3][-]{subsubsection.3.1.1}{Structure}{subsection.3.1}% 18
\BOOKMARK [1][-]{section.4}{Features}{}% 19
\BOOKMARK [2][-]{subsection.4.1}{Internationalization and Localization}{section.4}% 20
\BOOKMARK [2][-]{subsection.4.2}{Help}{section.4}% 21
\BOOKMARK [3][-]{subsubsection.4.2.1}{Tours}{subsection.4.2}% 22
\BOOKMARK [2][-]{subsection.4.3}{News}{section.4}% 23
\BOOKMARK [2][-]{subsection.4.4}{Notifications}{section.4}% 24
\BOOKMARK [2][-]{subsection.4.5}{Available pages}{section.4}% 25
\BOOKMARK [3][-]{subsubsection.4.5.1}{User registration}{subsection.4.5}% 26
\BOOKMARK [3][-]{subsubsection.4.5.2}{Groups}{subsection.4.5}% 27
\BOOKMARK [4][-]{paragraph.4.5.2.1}{Searching by item criteria}{subsubsection.4.5.2}% 28
\BOOKMARK [4][-]{paragraph.4.5.2.2}{Searching by climate criteria}{subsubsection.4.5.2}% 29
\BOOKMARK [3][-]{subsubsection.4.5.3}{Data}{subsection.4.5}% 30
\BOOKMARK [4][-]{paragraph.4.5.3.1}{Browse accessions and Passport}{subsubsection.4.5.3}% 31
\BOOKMARK [4][-]{paragraph.4.5.3.2}{Maps and Markers}{subsubsection.4.5.3}% 32
\BOOKMARK [4][-]{paragraph.4.5.3.3}{Genotype data export}{subsubsection.4.5.3}% 33
\BOOKMARK [4][-]{paragraph.4.5.3.4}{Allele frequency data export}{subsubsection.4.5.3}% 34
\BOOKMARK [4][-]{paragraph.4.5.3.5}{Phenotype data export}{subsubsection.4.5.3}% 35
\BOOKMARK [3][-]{subsubsection.4.5.4}{Environment}{subsection.4.5}% 36
\BOOKMARK [4][-]{paragraph.4.5.4.1}{Geography}{subsubsection.4.5.4}% 37
\BOOKMARK [4][-]{paragraph.4.5.4.2}{Geographic Search}{subsubsection.4.5.4}% 38
\BOOKMARK [4][-]{paragraph.4.5.4.3}{Geographic Treemap}{subsubsection.4.5.4}% 39
\BOOKMARK [4][-]{paragraph.4.5.4.4}{Mega Environments}{subsubsection.4.5.4}% 40
\BOOKMARK [4][-]{paragraph.4.5.4.5}{Climate}{subsubsection.4.5.4}% 41
\BOOKMARK [3][-]{subsubsection.4.5.5}{Image gallery}{subsection.4.5}% 42
\BOOKMARK [3][-]{subsubsection.4.5.6}{Search}{subsection.4.5}% 43
\BOOKMARK [2][-]{subsection.4.6}{Color Themes}{section.4}% 44
\BOOKMARK [2][-]{subsection.4.7}{Security}{section.4}% 45
\BOOKMARK [1][-]{section.5}{Structure}{}% 46
\BOOKMARK [2][-]{subsection.5.1}{Subversion project}{section.5}% 47
\BOOKMARK [3][-]{subsubsection.5.1.1}{Project structure}{subsection.5.1}% 48
\BOOKMARK [4][-]{paragraph.5.1.1.1}{Config properties}{subsubsection.5.1.1}% 49
\BOOKMARK [4][-]{paragraph.5.1.1.2}{Germinate xml}{subsubsection.5.1.1}% 50
\BOOKMARK [4][-]{paragraph.5.1.1.3}{Web xml}{subsubsection.5.1.1}% 51
\BOOKMARK [3][-]{subsubsection.5.1.2}{Web structure}{subsection.5.1}% 52
\BOOKMARK [2][-]{subsection.5.2}{Database}{section.5}% 53
\BOOKMARK [1][-]{section.6}{Example code}{}% 54
\BOOKMARK [2][-]{subsection.6.1}{Internationalizing your pages}{section.6}% 55
\BOOKMARK [3][-]{subsubsection.6.1.1}{Parametrization and Plural Forms}{subsection.6.1}% 56
\BOOKMARK [3][-]{subsubsection.6.1.2}{Notes}{subsection.6.1}% 57
\BOOKMARK [2][-]{subsection.6.2}{Adding a new language}{section.6}% 58
\BOOKMARK [3][-]{subsubsection.6.2.1}{Notes}{subsection.6.2}% 59
\BOOKMARK [2][-]{subsection.6.3}{Internationalized files and images}{section.6}% 60
\BOOKMARK [2][-]{subsection.6.4}{Using the ParameterStores}{section.6}% 61
\BOOKMARK [3][-]{subsubsection.6.4.1}{Passing parameters via the URL}{subsection.6.4}% 62
\BOOKMARK [2][-]{subsection.6.5}{Using the notification system}{section.6}% 63
\BOOKMARK [2][-]{subsection.6.6}{Using D3.js}{section.6}% 64
\BOOKMARK [2][-]{subsection.6.7}{Important notes}{section.6}% 65
\BOOKMARK [3][-]{subsubsection.6.7.1}{XSS and GWT}{subsection.6.7}% 66
\BOOKMARK [3][-]{subsubsection.6.7.2}{XSRF and GWT}{subsection.6.7}% 67
\BOOKMARK [1][-]{section.7}{Data Import}{}% 68
\BOOKMARK [1][-]{section.8}{Statistics}{}% 69
\BOOKMARK [1][-]{section.9}{Troubleshooting}{}% 70
\BOOKMARK [2][-]{subsection.9.1}{Germinate links in download files are not HTTPS}{section.9}% 71
\BOOKMARK [1][-]{section.10}{Funding}{}% 72
\BOOKMARK [1][-]{section.11}{Technologies}{}% 73
\BOOKMARK [2][-]{subsection.11.1}{JavaScript libraries}{section.11}% 74
\BOOKMARK [2][-]{subsection.11.2}{Font frameworks}{section.11}% 75
\BOOKMARK [2][-]{subsection.11.3}{Java libraries}{section.11}% 76
